c:\c++\MINX_PONG\Debug\MINX_PONG.ilk
c:\c++\MINX_PONG\MINX_PONG\Debug\cl.command.1.tlog
c:\c++\MINX_PONG\MINX_PONG\Debug\CL.read.1.tlog
c:\c++\MINX_PONG\MINX_PONG\Debug\CL.write.1.tlog
c:\c++\MINX_PONG\MINX_PONG\Debug\link.1128.read.1.tlog
c:\c++\MINX_PONG\MINX_PONG\Debug\link.1128.write.1.tlog
c:\c++\MINX_PONG\MINX_PONG\Debug\link.3564.read.1.tlog
c:\c++\MINX_PONG\MINX_PONG\Debug\link.3564.write.1.tlog
c:\c++\MINX_PONG\MINX_PONG\Debug\link.4456.read.1.tlog
c:\c++\MINX_PONG\MINX_PONG\Debug\link.4456.write.1.tlog
c:\c++\MINX_PONG\MINX_PONG\Debug\link.4520.read.1.tlog
c:\c++\MINX_PONG\MINX_PONG\Debug\link.4520.write.1.tlog
c:\c++\MINX_PONG\MINX_PONG\Debug\link.5256.read.1.tlog
c:\c++\MINX_PONG\MINX_PONG\Debug\link.5256.write.1.tlog
c:\c++\MINX_PONG\MINX_PONG\Debug\link.5348.read.1.tlog
c:\c++\MINX_PONG\MINX_PONG\Debug\link.5348.write.1.tlog
c:\c++\MINX_PONG\MINX_PONG\Debug\link.5828.read.1.tlog
c:\c++\MINX_PONG\MINX_PONG\Debug\link.5828.write.1.tlog
c:\c++\MINX_PONG\MINX_PONG\Debug\link.command.1.tlog
c:\c++\MINX_PONG\MINX_PONG\Debug\link.read.1.tlog
c:\c++\MINX_PONG\MINX_PONG\Debug\link.write.1.tlog
c:\c++\MINX_PONG\MINX_PONG\Debug\MINX_PONG.write.1.tlog
C:\C++\MINX_PONG\MINX_PONG\DEBUG\PONG.OBJ
C:\C++\MINX_PONG\MINX_PONG\DEBUG\PROGRAM.OBJ
c:\c++\MINX_PONG\MINX_PONG\Debug\vc100.idb
C:\C++\MINX_PONG\MINX_PONG\DEBUG\VC100.PDB
