Build started 8/15/2013 4:17:23 PM.
     1>Project "C:\c++\MINX_PONG\MINX_PONG\MINX_PONG.vcxproj" on node 2 (build target(s)).
     1>InitializeBuildStatus:
         Touching "Release\MINX_PONG.unsuccessfulbuild".
       ClCompile:
         All outputs are up-to-date.
       ResourceCompile:
         All outputs are up-to-date.
       Link:
         C:\Program Files (x86)\Microsoft Visual Studio 10.0\VC\bin\link.exe /ERRORREPORT:PROMPT /OUT:"C:\c++\MINX_PONG\Release\MINX_PONG.exe" /NOLOGO /LIBPATH:c:\c++\MINX\Release /LIBPATH:"c:\sdl\SDL_ttf-devel-2.0.11-VC\SDL_ttf-2.0.11\lib\x86" minx.lib SDL_ttf.lib kernel32.lib user32.lib gdi32.lib winspool.lib comdlg32.lib advapi32.lib shell32.lib ole32.lib oleaut32.lib uuid.lib odbc32.lib odbccp32.lib /MANIFEST /ManifestFile:"Release\MINX_PONG.exe.intermediate.manifest" /MANIFESTUAC:"level='asInvoker' uiAccess='false'" /DEBUG /PDB:"C:\c++\MINX_PONG\Release\MINX_PONG.pdb" /SUBSYSTEM:WINDOWS /OPT:REF /OPT:ICF /LTCG /TLBID:1 /ENTRY:"mainFunc" /DYNAMICBASE /NXCOMPAT /IMPLIB:"C:\c++\MINX_PONG\Release\MINX_PONG.lib" /MACHINE:X86 Release\MINX_PONG.res
         Release\Pong.obj
         Release\Program.obj
         Generating code
         Finished generating code
     1>MSVCRT.lib(cpu_disp.obj) : warning LNK4210: .CRT section exists; there may be unhandled static initializers or terminators
         MINX_PONG.vcxproj -> C:\c++\MINX_PONG\Release\MINX_PONG.exe
       Manifest:
         C:\Program Files (x86)\Microsoft SDKs\Windows\v7.0A\bin\mt.exe /nologo /verbose /outputresource:"C:\c++\MINX_PONG\Release\MINX_PONG.exe;#1" /manifest Release\MINX_PONG.exe.intermediate.manifest
       FinalizeBuildStatus:
         Deleting file "Release\MINX_PONG.unsuccessfulbuild".
         Touching "Release\MINX_PONG.lastbuildstate".
     1>Done Building Project "C:\c++\MINX_PONG\MINX_PONG\MINX_PONG.vcxproj" (build target(s)).

Build succeeded.

Time Elapsed 00:00:00.91
